<?xml version="1.0" encoding="UTF-8"?>
<testng-results skipped="0" failed="0" ignored="0" total="1" passed="1">
  <reporter-output>
  </reporter-output>
  <suite name="Default suite" duration-ms="14255" started-at="2018-06-21T03:25:54Z" finished-at="2018-06-21T03:26:09Z">
    <groups>
    </groups>
    <test name="Default test" duration-ms="14255" started-at="2018-06-21T03:25:54Z" finished-at="2018-06-21T03:26:09Z">
      <class name="com.prestashop.tests.PositivePretaShopHomeWork">
        <test-method status="PASS" signature="setUp()[pri:0, instance:com.prestashop.tests.PositivePretaShopHomeWork@2e6f1f48]" name="setUp" is-config="true" duration-ms="12962" started-at="2018-06-21T03:25:54Z" finished-at="2018-06-21T03:26:07Z">
          <reporter-output>
          </reporter-output>
        </test-method> <!-- setUp -->
        <test-method status="PASS" signature="loginTest()[pri:0, instance:com.prestashop.tests.PositivePretaShopHomeWork@2e6f1f48]" name="loginTest" duration-ms="1234" started-at="2018-06-21T03:26:07Z" finished-at="2018-06-21T03:26:09Z">
          <reporter-output>
          </reporter-output>
        </test-method> <!-- loginTest -->
        <test-method status="PASS" signature="tearDown()[pri:0, instance:com.prestashop.tests.PositivePretaShopHomeWork@2e6f1f48]" name="tearDown" is-config="true" duration-ms="39" started-at="2018-06-21T03:26:09Z" finished-at="2018-06-21T03:26:09Z">
          <reporter-output>
          </reporter-output>
        </test-method> <!-- tearDown -->
      </class> <!-- com.prestashop.tests.PositivePretaShopHomeWork -->
    </test> <!-- Default test -->
  </suite> <!-- Default suite -->
</testng-results>
